
> @web-evolution/2-api-server@0.1.0 start
> node dist/index.js

node:internal/modules/cjs/loader:1386
  throw err;
  ^

Error: Cannot find module '/app/apps/2-api-server/dist/index.js'
    at Function._resolveFilename (node:internal/modules/cjs/loader:1383:15)
    at defaultResolveImpl (node:internal/modules/cjs/loader:1025:19)
    at resolveForCJSWithHooks (node:internal/modules/cjs/loader:1030:22)
    at Function._load (node:internal/modules/cjs/loader:1192:37)
    at TracingChannel.traceSync (node:diagnostics_channel:328:14)
    at wrapModuleLoad (node:internal/modules/cjs/loader:237:24)
    at Function.executeUserEntryPoint [as runMain] (node:internal/modules/run_main:171:5)
    at node:internal/main/run_main_module:36:49 {
  code: 'MODULE_NOT_FOUND',
  requireStack: []
}

Node.js v22.21.1
npm error Lifecycle script `start` failed with error:
npm error code 1
npm error path /app/apps/2-api-server
npm error workspace @web-evolution/2-api-server@0.1.0
npm error location /app/apps/2-api-server
npm error command failed
npm error command sh -c node dist/index.js
